0 info it worked if it ends with ok
1 verbose cli [ '/Users/kifr/.nvm/versions/node/v5.7.1/bin/node',
1 verbose cli   '/Users/kifr/.nvm/versions/node/v5.7.1/bin/npm',
1 verbose cli   'start' ]
2 info using npm@3.8.0
3 info using node@v5.7.1
4 verbose run-script [ 'prestart', 'start', 'poststart' ]
5 info lifecycle simple_golftour@0.0.1~prestart: simple_golftour@0.0.1
6 silly lifecycle simple_golftour@0.0.1~prestart: no script for prestart, continuing
7 info lifecycle simple_golftour@0.0.1~start: simple_golftour@0.0.1
8 verbose lifecycle simple_golftour@0.0.1~start: unsafe-perm in lifecycle true
9 verbose lifecycle simple_golftour@0.0.1~start: PATH: /Users/kifr/.nvm/versions/node/v5.7.1/lib/node_modules/npm/bin/node-gyp-bin:/Users/kifr/projects/simple_golftour/graphql_play/client_simple_golftour/node_modules/.bin:/Users/kifr/.nvm/versions/node/v5.7.1/bin:/Users/kifr/.rvm/gems/ruby-2.3.0/bin:/Users/kifr/.rvm/gems/ruby-2.3.0@global/bin:/Users/kifr/.rvm/rubies/ruby-2.3.0/bin:/Users/kifr/.nvm/versions/node/v5.7.1/bin:/Users/kifr/.swiftenv/shims:/usr/local/bin:/usr/local/sbin:/usr/bin:/bin:/usr/sbin:/sbin:/usr/local/bin:/usr/bin:/bin:/usr/sbin:/sbin:/opt/X11/bin:/Users/kifr/.rvm/bin
10 verbose lifecycle simple_golftour@0.0.1~start: CWD: /Users/kifr/projects/simple_golftour/graphql_play/client_simple_golftour
11 silly lifecycle simple_golftour@0.0.1~start: Args: [ '-c', 'node server.js' ]
12 silly lifecycle simple_golftour@0.0.1~start: Returned: code: 1  signal: null
13 info lifecycle simple_golftour@0.0.1~start: Failed to exec start script
14 verbose stack Error: simple_golftour@0.0.1 start: `node server.js`
14 verbose stack Exit status 1
14 verbose stack     at EventEmitter.<anonymous> (/Users/kifr/.nvm/versions/node/v5.7.1/lib/node_modules/npm/lib/utils/lifecycle.js:239:16)
14 verbose stack     at emitTwo (events.js:100:13)
14 verbose stack     at EventEmitter.emit (events.js:185:7)
14 verbose stack     at ChildProcess.<anonymous> (/Users/kifr/.nvm/versions/node/v5.7.1/lib/node_modules/npm/lib/utils/spawn.js:24:14)
14 verbose stack     at emitTwo (events.js:100:13)
14 verbose stack     at ChildProcess.emit (events.js:185:7)
14 verbose stack     at maybeClose (internal/child_process.js:827:16)
14 verbose stack     at Process.ChildProcess._handle.onexit (internal/child_process.js:211:5)
15 verbose pkgid simple_golftour@0.0.1
16 verbose cwd /Users/kifr/projects/simple_golftour/graphql_play/client_simple_golftour
17 error Darwin 15.4.0
18 error argv "/Users/kifr/.nvm/versions/node/v5.7.1/bin/node" "/Users/kifr/.nvm/versions/node/v5.7.1/bin/npm" "start"
19 error node v5.7.1
20 error npm  v3.8.0
21 error code ELIFECYCLE
22 error simple_golftour@0.0.1 start: `node server.js`
22 error Exit status 1
23 error Failed at the simple_golftour@0.0.1 start script 'node server.js'.
23 error Make sure you have the latest version of node.js and npm installed.
23 error If you do, this is most likely a problem with the simple_golftour package,
23 error not with npm itself.
23 error Tell the author that this fails on your system:
23 error     node server.js
23 error You can get information on how to open an issue for this project with:
23 error     npm bugs simple_golftour
23 error Or if that isn't available, you can get their info via:
23 error     npm owner ls simple_golftour
23 error There is likely additional logging output above.
24 verbose exit [ 1, true ]
